# JRE version: OpenJDK Runtime Environment (17.0.11) (build 17.0.11+0--11852314)
# Java VM: OpenJDK 64-Bit Server VM (17.0.11+0--11852314, mixed mode, tiered, compressed oops, compressed class ptrs, g1 gc, windows-amd64)
GC Precious Log:
 CPUs: 16 total, 16 available
 Memory: 7893M
 Large Page Support: Disabled
 NUMA Support: Disabled
 Compressed Oops: Enabled (32-bit)
 Heap Region Size: 1M
 Heap Min Capacity: 8M
 Heap Initial Capacity: 124M
 Heap Max Capacity: 2G
 Pre-touch: Disabled
 Parallel Workers: 13
 Concurrent Workers: 3
 Concurrent Refinement Workers: 13
 Periodic GC: Disabled
Heap:
 garbage-first heap   total 229376K, used 120996K [0x0000000080000000, 0x0000000100000000)
  region size 1024K, 5 young (5120K), 5 survivors (5120K)
 Metaspace       used 142285K, committed 143296K, reserved 1179648K
  class space    used 19750K, committed 20224K, reserved 1048576K
GC Heap History (20 events):
Event: 485.346 GC heap after
{Heap after GC invocations=55 (full 0):
 garbage-first heap   total 225280K, used 103617K [0x0000000080000000, 0x0000000100000000)
  region size 1024K, 2 young (2048K), 2 survivors (2048K)
 Metaspace       used 138627K, committed 139520K, reserved 1179648K
  class space    used 19556K, committed 19968K, reserved 1048576K
}
Event: 488.866 GC heap before
{Heap before GC invocations=55 (full 0):
 garbage-first heap   total 225280K, used 154817K [0x0000000080000000, 0x0000000100000000)
  region size 1024K, 54 young (55296K), 2 survivors (2048K)
 Metaspace       used 139329K, committed 140224K, reserved 1179648K
  class space    used 19582K, committed 20032K, reserved 1048576K
}
Event: 488.892 GC heap after
{Heap after GC invocations=56 (full 0):
 garbage-first heap   total 225280K, used 111403K [0x0000000080000000, 0x0000000100000000)
  region size 1024K, 9 young (9216K), 9 survivors (9216K)
 Metaspace       used 139329K, committed 140224K, reserved 1179648K
  class space    used 19582K, committed 20032K, reserved 1048576K
}
Event: 579.966 GC heap before
{Heap before GC invocations=57 (full 0):
 garbage-first heap   total 225280K, used 183083K [0x0000000080000000, 0x0000000100000000)
  region size 1024K, 77 young (78848K), 9 survivors (9216K)
 Metaspace       used 140155K, committed 141056K, reserved 1179648K
  class space    used 19652K, committed 20096K, reserved 1048576K
}
Event: 580.017 GC heap after
{Heap after GC invocations=58 (full 0):
 garbage-first heap   total 225280K, used 113060K [0x0000000080000000, 0x0000000100000000)
  region size 1024K, 3 young (3072K), 3 survivors (3072K)
 Metaspace       used 140155K, committed 141056K, reserved 1179648K
  class space    used 19652K, committed 20096K, reserved 1048576K
}
Event: 580.076 GC heap before
{Heap before GC invocations=58 (full 0):
 garbage-first heap   total 225280K, used 121252K [0x0000000080000000, 0x0000000100000000)
  region size 1024K, 11 young (11264K), 3 survivors (3072K)
 Metaspace       used 140155K, committed 141056K, reserved 1179648K
  class space    used 19652K, committed 20096K, reserved 1048576K
}
Event: 580.127 GC heap after
{Heap after GC invocations=59 (full 0):
 garbage-first heap   total 225280K, used 108573K [0x0000000080000000, 0x0000000100000000)
  region size 1024K, 1 young (1024K), 1 survivors (1024K)
 Metaspace       used 140155K, committed 141056K, reserved 1179648K
  class space    used 19652K, committed 20096K, reserved 1048576K
}
Event: 582.319 GC heap before
{Heap before GC invocations=59 (full 0):
 garbage-first heap   total 225280K, used 168989K [0x0000000080000000, 0x0000000100000000)
  region size 1024K, 62 young (63488K), 1 survivors (1024K)
 Metaspace       used 140633K, committed 141568K, reserved 1179648K
  class space    used 19683K, committed 20160K, reserved 1048576K
}
Event: 582.335 GC heap after
{Heap after GC invocations=60 (full 0):
 garbage-first heap   total 225280K, used 118170K [0x0000000080000000, 0x0000000100000000)
  region size 1024K, 10 young (10240K), 10 survivors (10240K)
 Metaspace       used 140633K, committed 141568K, reserved 1179648K
  class space    used 19683K, committed 20160K, reserved 1048576K
}
Event: 584.084 GC heap before
{Heap before GC invocations=61 (full 0):
 garbage-first heap   total 229376K, used 182682K [0x0000000080000000, 0x0000000100000000)
  region size 1024K, 72 young (73728K), 10 survivors (10240K)
 Metaspace       used 141007K, committed 141952K, reserved 1179648K
  class space    used 19708K, committed 20160K, reserved 1048576K
}
Event: 584.118 GC heap after
{Heap after GC invocations=62 (full 0):
 garbage-first heap   total 229376K, used 120520K [0x0000000080000000, 0x0000000100000000)
  region size 1024K, 3 young (3072K), 3 survivors (3072K)
 Metaspace       used 141007K, committed 141952K, reserved 1179648K
  class space    used 19708K, committed 20160K, reserved 1048576K
}
Event: 584.300 GC heap before
{Heap before GC invocations=62 (full 0):
 garbage-first heap   total 229376K, used 128712K [0x0000000080000000, 0x0000000100000000)
  region size 1024K, 11 young (11264K), 3 survivors (3072K)
 Metaspace       used 141213K, committed 142144K, reserved 1179648K
  class space    used 19708K, committed 20160K, reserved 1048576K
}
Event: 584.316 GC heap after
{Heap after GC invocations=63 (full 0):
 garbage-first heap   total 229376K, used 111404K [0x0000000080000000, 0x0000000100000000)
  region size 1024K, 2 young (2048K), 2 survivors (2048K)
 Metaspace       used 141213K, committed 142144K, reserved 1179648K
  class space    used 19708K, committed 20160K, reserved 1048576K
}
Event: 584.779 GC heap before
{Heap before GC invocations=63 (full 0):
 garbage-first heap   total 229376K, used 138028K [0x0000000080000000, 0x0000000100000000)
  region size 1024K, 30 young (30720K), 2 survivors (2048K)
 Metaspace       used 141655K, committed 142592K, reserved 1179648K
  class space    used 19714K, committed 20160K, reserved 1048576K
}
Event: 584.781 GC heap after
{Heap after GC invocations=64 (full 0):
 garbage-first heap   total 229376K, used 111333K [0x0000000080000000, 0x0000000100000000)
  region size 1024K, 2 young (2048K), 2 survivors (2048K)
 Metaspace       used 141655K, committed 142592K, reserved 1179648K
  class space    used 19714K, committed 20160K, reserved 1048576K
}
Event: 803.242 GC heap before
{Heap before GC invocations=65 (full 0):
 garbage-first heap   total 229376K, used 198373K [0x0000000080000000, 0x0000000100000000)
  region size 1024K, 77 young (78848K), 2 survivors (2048K)
 Metaspace       used 142115K, committed 143104K, reserved 1179648K
  class space    used 19746K, committed 20224K, reserved 1048576K
}
Event: 803.272 GC heap after
{Heap after GC invocations=66 (full 0):
 garbage-first heap   total 229376K, used 118463K [0x0000000080000000, 0x0000000100000000)
  region size 1024K, 9 young (9216K), 9 survivors (9216K)
 Metaspace       used 142115K, committed 143104K, reserved 1179648K
  class space    used 19746K, committed 20224K, reserved 1048576K
}
Event: 803.290 GC heap before
{Heap before GC invocations=66 (full 0):
 garbage-first heap   total 229376K, used 120511K [0x0000000080000000, 0x0000000100000000)
  region size 1024K, 11 young (11264K), 9 survivors (9216K)
 Metaspace       used 142118K, committed 143104K, reserved 1179648K
  class space    used 19746K, committed 20224K, reserved 1048576K
}
Event: 803.500 GC heap after
{Heap after GC invocations=67 (full 0):
 garbage-first heap   total 229376K, used 117803K [0x0000000080000000, 0x0000000100000000)
  region size 1024K, 2 young (2048K), 2 survivors (2048K)
 Metaspace       used 142118K, committed 143104K, reserved 1179648K
  class space    used 19746K, committed 20224K, reserved 1048576K
}
Event: 2004.669 GC heap before
{Heap before GC invocations=67 (full 0):
 garbage-first heap   total 229376K, used 186411K [0x0000000080000000, 0x0000000100000000)
  region size 1024K, 70 young (71680K), 2 survivors (2048K)
 Metaspace       used 142285K, committed 143296K, reserved 1179648K
  class space    used 19750K, committed 20224K, reserved 1048576K
}

