# JRE version: OpenJDK Runtime Environment (17.0.11) (build 17.0.11+0--11852314)
# Java VM: OpenJDK 64-Bit Server VM (17.0.11+0--11852314, mixed mode, tiered, compressed oops, compressed class ptrs, g1 gc, windows-amd64)
GC Precious Log:
 CPUs: 16 total, 16 available
 Memory: 7893M
 Large Page Support: Disabled
 NUMA Support: Disabled
 Compressed Oops: Enabled (32-bit)
 Heap Region Size: 1M
 Heap Min Capacity: 8M
 Heap Initial Capacity: 124M
 Heap Max Capacity: 2G
 Pre-touch: Disabled
 Parallel Workers: 13
 Concurrent Workers: 3
 Concurrent Refinement Workers: 13
 Periodic GC: Disabled
Heap:
 garbage-first heap   total 259072K, used 132641K [0x0000000080000000, 0x0000000100000000)
  region size 1024K, 10 young (10240K), 10 survivors (10240K)
 Metaspace       used 125414K, committed 126400K, reserved 1179648K
  class space    used 16432K, committed 16960K, reserved 1048576K
GC Heap History (20 events):
Event: 252.586 GC heap after
{Heap after GC invocations=40 (full 0):
 garbage-first heap   total 259072K, used 95044K [0x0000000080000000, 0x0000000100000000)
  region size 1024K, 7 young (7168K), 7 survivors (7168K)
 Metaspace       used 105704K, committed 106496K, reserved 1179648K
  class space    used 14183K, committed 14592K, reserved 1048576K
}
Event: 648.398 GC heap before
{Heap before GC invocations=40 (full 0):
 garbage-first heap   total 259072K, used 206660K [0x0000000080000000, 0x0000000100000000)
  region size 1024K, 116 young (118784K), 7 survivors (7168K)
 Metaspace       used 106795K, committed 107584K, reserved 1179648K
  class space    used 14248K, committed 14656K, reserved 1048576K
}
Event: 648.518 GC heap after
{Heap after GC invocations=41 (full 0):
 garbage-first heap   total 259072K, used 97552K [0x0000000080000000, 0x0000000100000000)
  region size 1024K, 10 young (10240K), 10 survivors (10240K)
 Metaspace       used 106795K, committed 107584K, reserved 1179648K
  class space    used 14248K, committed 14656K, reserved 1048576K
}
Event: 651.757 GC heap before
{Heap before GC invocations=41 (full 0):
 garbage-first heap   total 259072K, used 232720K [0x0000000080000000, 0x0000000100000000)
  region size 1024K, 124 young (126976K), 10 survivors (10240K)
 Metaspace       used 111435K, committed 112320K, reserved 1179648K
  class space    used 14793K, committed 15232K, reserved 1048576K
}
Event: 651.826 GC heap after
{Heap after GC invocations=42 (full 0):
 garbage-first heap   total 259072K, used 103455K [0x0000000080000000, 0x0000000100000000)
  region size 1024K, 13 young (13312K), 13 survivors (13312K)
 Metaspace       used 111435K, committed 112320K, reserved 1179648K
  class space    used 14793K, committed 15232K, reserved 1048576K
}
Event: 655.551 GC heap before
{Heap before GC invocations=42 (full 0):
 garbage-first heap   total 259072K, used 210975K [0x0000000080000000, 0x0000000100000000)
  region size 1024K, 119 young (121856K), 13 survivors (13312K)
 Metaspace       used 114700K, committed 115648K, reserved 1179648K
  class space    used 15180K, committed 15680K, reserved 1048576K
}
Event: 655.566 GC heap after
{Heap after GC invocations=43 (full 0):
 garbage-first heap   total 259072K, used 112444K [0x0000000080000000, 0x0000000100000000)
  region size 1024K, 15 young (15360K), 15 survivors (15360K)
 Metaspace       used 114700K, committed 115648K, reserved 1179648K
  class space    used 15180K, committed 15680K, reserved 1048576K
}
Event: 656.549 GC heap before
{Heap before GC invocations=43 (full 0):
 garbage-first heap   total 259072K, used 191292K [0x0000000080000000, 0x0000000100000000)
  region size 1024K, 92 young (94208K), 15 survivors (15360K)
 Metaspace       used 122554K, committed 123456K, reserved 1179648K
  class space    used 16147K, committed 16640K, reserved 1048576K
}
Event: 656.578 GC heap after
{Heap after GC invocations=44 (full 0):
 garbage-first heap   total 259072K, used 127482K [0x0000000080000000, 0x0000000100000000)
  region size 1024K, 14 young (14336K), 14 survivors (14336K)
 Metaspace       used 122554K, committed 123456K, reserved 1179648K
  class space    used 16147K, committed 16640K, reserved 1048576K
}
Event: 680.209 GC heap before
{Heap before GC invocations=45 (full 0):
 garbage-first heap   total 259072K, used 206330K [0x0000000080000000, 0x0000000100000000)
  region size 1024K, 92 young (94208K), 14 survivors (14336K)
 Metaspace       used 124025K, committed 124992K, reserved 1179648K
  class space    used 16332K, committed 16832K, reserved 1048576K
}
Event: 680.256 GC heap after
{Heap after GC invocations=46 (full 0):
 garbage-first heap   total 259072K, used 126402K [0x0000000080000000, 0x0000000100000000)
  region size 1024K, 9 young (9216K), 9 survivors (9216K)
 Metaspace       used 124025K, committed 124992K, reserved 1179648K
  class space    used 16332K, committed 16832K, reserved 1048576K
}
Event: 680.295 GC heap before
{Heap before GC invocations=46 (full 0):
 garbage-first heap   total 259072K, used 129474K [0x0000000080000000, 0x0000000100000000)
  region size 1024K, 12 young (12288K), 9 survivors (9216K)
 Metaspace       used 124115K, committed 125056K, reserved 1179648K
  class space    used 16344K, committed 16832K, reserved 1048576K
}
Event: 680.343 GC heap after
{Heap after GC invocations=47 (full 0):
 garbage-first heap   total 259072K, used 120655K [0x0000000080000000, 0x0000000100000000)
  region size 1024K, 2 young (2048K), 2 survivors (2048K)
 Metaspace       used 124115K, committed 125056K, reserved 1179648K
  class space    used 16344K, committed 16832K, reserved 1048576K
}
Event: 690.036 GC heap before
{Heap before GC invocations=47 (full 0):
 garbage-first heap   total 259072K, used 207695K [0x0000000080000000, 0x0000000100000000)
  region size 1024K, 86 young (88064K), 2 survivors (2048K)
 Metaspace       used 124872K, committed 125888K, reserved 1179648K
  class space    used 16411K, committed 16896K, reserved 1048576K
}
Event: 690.048 GC heap after
{Heap after GC invocations=48 (full 0):
 garbage-first heap   total 259072K, used 124006K [0x0000000080000000, 0x0000000100000000)
  region size 1024K, 3 young (3072K), 3 survivors (3072K)
 Metaspace       used 124872K, committed 125888K, reserved 1179648K
  class space    used 16411K, committed 16896K, reserved 1048576K
}
Event: 690.793 GC heap before
{Heap before GC invocations=49 (full 0):
 garbage-first heap   total 259072K, used 211046K [0x0000000080000000, 0x0000000100000000)
  region size 1024K, 87 young (89088K), 3 survivors (3072K)
 Metaspace       used 125065K, committed 126016K, reserved 1179648K
  class space    used 16419K, committed 16896K, reserved 1048576K
}
Event: 690.822 GC heap after
{Heap after GC invocations=50 (full 0):
 garbage-first heap   total 259072K, used 139744K [0x0000000080000000, 0x0000000100000000)
  region size 1024K, 11 young (11264K), 11 survivors (11264K)
 Metaspace       used 125065K, committed 126016K, reserved 1179648K
  class space    used 16419K, committed 16896K, reserved 1048576K
}
Event: 690.827 GC heap before
{Heap before GC invocations=50 (full 0):
 garbage-first heap   total 259072K, used 140768K [0x0000000080000000, 0x0000000100000000)
  region size 1024K, 12 young (12288K), 11 survivors (11264K)
 Metaspace       used 125066K, committed 126016K, reserved 1179648K
  class space    used 16419K, committed 16896K, reserved 1048576K
}
Event: 690.881 GC heap after
{Heap after GC invocations=51 (full 0):
 garbage-first heap   total 259072K, used 124146K [0x0000000080000000, 0x0000000100000000)
  region size 1024K, 1 young (1024K), 1 survivors (1024K)
 Metaspace       used 125066K, committed 126016K, reserved 1179648K
  class space    used 16419K, committed 16896K, reserved 1048576K
}
Event: 784.461 GC heap before
{Heap before GC invocations=51 (full 0):
 garbage-first heap   total 259072K, used 202994K [0x0000000080000000, 0x0000000100000000)
  region size 1024K, 78 young (79872K), 1 survivors (1024K)
 Metaspace       used 125414K, committed 126400K, reserved 1179648K
  class space    used 16432K, committed 16960K, reserved 1048576K
}

